DEBUG:__main__:writing with use_threshold , 678; 79; 978; 379
DEBUG:__main__:writing with use_threshold , 678; 79; 978; 379
DEBUG:__main__:writing with use_threshold , 678; 79; 978; 379
DEBUG:__main__:writing with use_threshold , 678; 79; 978; 379
DEBUG:__main__:writing with use_threshold , 678; 79; 978; 379
DEBUG:__main__:writing with use_threshold , 678; 79; 978; 379
DEBUG:__main__:writing with use_threshold , 678; 79; 978; 379
DEBUG:__main__:writing with use_threshold , 678; 79; 978; 379
DEBUG:__main__:writing with use_threshold , 678; 79; 978; 379
DEBUG:__main__:writing with use_threshold , 678; 79; 978; 379
DEBUG:__main__:writing with use_threshold , 678; 79; 978; 379
DEBUG:__main__:writing with use_threshold , 678; 79; 978; 379
DEBUG:__main__:writing with use_threshold , 678; 79; 978; 379
DEBUG:__main__:writing with use_threshold , 678; 79; 978; 379
DEBUG:__main__:writing with use_threshold , 678; 79; 978; 379
DEBUG:__main__:writing with use_threshold , 678; 79; 978; 379
DEBUG:__main__:writing with use_threshold , 678; 79; 978; 379
DEBUG:__main__:writing with use_threshold , 678; 79; 978; 379
DEBUG:__main__:writing with use_threshold , 678; 79; 978; 379
DEBUG:__main__:writing with use_threshold , 678; 79; 978; 379
DEBUG:__main__:writing with use_threshold , 678; 79; 978; 379
DEBUG:__main__:writing with use_threshold , 678; 79; 978; 379
DEBUG:__main__:writing with use_threshold , 678; 79; 978; 379
DEBUG:__main__:writing with use_threshold , 678; 79; 978; 379
DEBUG:__main__:writing with use_threshold , 678; 79; 978; 379
DEBUG:__main__:writing with use_threshold , 678; 79; 978; 379
DEBUG:__main__:writing with use_threshold , 678; 79; 978; 379
DEBUG:__main__:writing with use_threshold , 678; 79; 978; 379
DEBUG:__main__:writing with use_threshold , 678; 79; 978; 379
DEBUG:__main__:writing with use_threshold , 678; 79; 978; 379
DEBUG:__main__:writing with use_threshold , 678; 79; 978; 379
DEBUG:__main__:writing with use_threshold , 678; 79; 978; 379
DEBUG:__main__:writing with use_threshold , 678; 79; 978; 379
DEBUG:__main__:writing with use_threshold , 678; 79; 978; 379
DEBUG:__main__:writing with use_threshold , 678; 79; 978; 379
DEBUG:__main__:writing with use_threshold , 678; 79; 978; 379
DEBUG:__main__:writing with use_threshold , 678; 79; 978; 379
DEBUG:__main__:writing with use_threshold , 678; 79; 978; 379
DEBUG:__main__:writing with use_threshold , 678; 79; 978; 379
DEBUG:__main__:writing with use_threshold , 678; 79; 978; 379
DEBUG:__main__:writing with use_threshold , 678; 79; 978; 379
DEBUG:__main__:writing with use_threshold , 678; 79; 978; 379
DEBUG:__main__:writing with use_threshold , 678; 79; 978; 379
DEBUG:__main__:writing with use_threshold , 678; 79; 978; 379
DEBUG:__main__:writing with use_threshold , 678; 79; 978; 379
DEBUG:__main__:writing with use_threshold , 678; 79; 978; 379
DEBUG:__main__:writing with use_threshold , 678; 79; 978; 379
DEBUG:__main__:writing with use_threshold , 678; 79; 978; 379
DEBUG:__main__:writing with use_threshold , 678; 79; 978; 379
DEBUG:__main__:writing with use_threshold , 678; 79; 978; 379
DEBUG:__main__:writing with use_threshold , 678; 79; 978; 379
DEBUG:__main__:writing with use_threshold , 678; 79; 978; 379
DEBUG:__main__:writing with use_threshold , 678; 79; 978; 379
DEBUG:__main__:writing with use_threshold , 678; 79; 978; 379
DEBUG:__main__:writing with use_threshold , 678; 79; 978; 379
DEBUG:__main__:writing with use_threshold , 678; 79; 978; 379
DEBUG:__main__:writing with use_threshold , 678; 79; 978; 379
DEBUG:__main__:writing with use_threshold , 678; 79; 978; 379
DEBUG:__main__:writing with use_threshold , 678; 79; 978; 379
DEBUG:__main__:writing with use_threshold , 678; 79; 978; 379
DEBUG:__main__:writing with use_threshold , 678; 79; 978; 379
DEBUG:__main__:writing with use_threshold , 678; 79; 978; 379
DEBUG:__main__:writing with use_threshold , 678; 79; 978; 379
DEBUG:__main__:writing with use_threshold , 678; 79; 978; 379
DEBUG:__main__:writing with use_threshold , 678; 79; 978; 379
DEBUG:__main__:writing with use_threshold , 678; 79; 978; 379
DEBUG:__main__:writing with use_threshold , 678; 79; 978; 379
DEBUG:__main__:writing with use_threshold , 678; 79; 978; 379
DEBUG:__main__:writing with use_threshold , 678; 79; 978; 379
DEBUG:__main__:writing with use_threshold , 678; 79; 978; 379
